2020-04-20 10:32:44.555  INFO 23896 --- [restartedMain] a.c.poc.ApexxCounterPocApplication       : Starting ApexxCounterPocApplication on RIA-IN-L-03 with PID 23896 (D:\workspace-spring-tool-suite-4-4.5.1.RELEASE\apexx-counter-POC\target\classes started by RIA-admin in D:\workspace-spring-tool-suite-4-4.5.1.RELEASE\apexx-counter-POC)
2020-04-20 10:32:44.569  INFO 23896 --- [restartedMain] a.c.poc.ApexxCounterPocApplication       : No active profile set, falling back to default profiles: default
2020-04-20 10:32:44.694  INFO 23896 --- [restartedMain] o.s.b.devtools.restart.ChangeableUrls    : The Class-Path manifest attribute in C:\Users\RIA-admin\.m2\repository\org\glassfish\jaxb\jaxb-runtime\2.3.2\jaxb-runtime-2.3.2.jar referenced one or more files that do not exist: file:/C:/Users/RIA-admin/.m2/repository/org/glassfish/jaxb/jaxb-runtime/2.3.2/jakarta.xml.bind-api-2.3.2.jar,file:/C:/Users/RIA-admin/.m2/repository/org/glassfish/jaxb/jaxb-runtime/2.3.2/txw2-2.3.2.jar,file:/C:/Users/RIA-admin/.m2/repository/org/glassfish/jaxb/jaxb-runtime/2.3.2/istack-commons-runtime-3.0.8.jar,file:/C:/Users/RIA-admin/.m2/repository/org/glassfish/jaxb/jaxb-runtime/2.3.2/stax-ex-1.8.1.jar,file:/C:/Users/RIA-admin/.m2/repository/org/glassfish/jaxb/jaxb-runtime/2.3.2/FastInfoset-1.2.16.jar,file:/C:/Users/RIA-admin/.m2/repository/org/glassfish/jaxb/jaxb-runtime/2.3.2/jakarta.activation-api-1.2.1.jar
2020-04-20 10:32:44.695  INFO 23896 --- [restartedMain] .e.DevToolsPropertyDefaultsPostProcessor : Devtools property defaults active! Set 'spring.devtools.add-properties' to 'false' to disable
2020-04-20 10:32:44.696  INFO 23896 --- [restartedMain] .e.DevToolsPropertyDefaultsPostProcessor : For additional web related logging consider setting the 'logging.level.web' property to 'DEBUG'
2020-04-20 10:32:46.714  INFO 23896 --- [restartedMain] .s.d.r.c.RepositoryConfigurationDelegate : Multiple Spring Data modules found, entering strict repository configuration mode!
2020-04-20 10:32:46.715  INFO 23896 --- [restartedMain] .s.d.r.c.RepositoryConfigurationDelegate : Bootstrapping Spring Data JPA repositories in DEFAULT mode.
2020-04-20 10:32:46.877  INFO 23896 --- [restartedMain] .s.d.r.c.RepositoryConfigurationDelegate : Finished Spring Data repository scanning in 139ms. Found 1 JPA repository interfaces.
2020-04-20 10:32:46.918  INFO 23896 --- [restartedMain] .s.d.r.c.RepositoryConfigurationDelegate : Multiple Spring Data modules found, entering strict repository configuration mode!
2020-04-20 10:32:46.920  INFO 23896 --- [restartedMain] .s.d.r.c.RepositoryConfigurationDelegate : Bootstrapping Spring Data Redis repositories in DEFAULT mode.
2020-04-20 10:32:46.956  INFO 23896 --- [restartedMain] .RepositoryConfigurationExtensionSupport : Spring Data Redis - Could not safely identify store assignment for repository candidate interface apexx.counter.poc.repo.PspRepoInterface. If you want this repository to be a Redis repository, consider annotating your entities with one of these annotations: org.springframework.data.redis.core.RedisHash (preferred), or consider extending one of the following types with your repository: org.springframework.data.keyvalue.repository.KeyValueRepository.
2020-04-20 10:32:46.956  INFO 23896 --- [restartedMain] .s.d.r.c.RepositoryConfigurationDelegate : Finished Spring Data repository scanning in 15ms. Found 0 Redis repository interfaces.
2020-04-20 10:32:47.991  INFO 23896 --- [restartedMain] trationDelegate$BeanPostProcessorChecker : Bean 'org.springframework.ws.config.annotation.DelegatingWsConfiguration' of type [org.springframework.ws.config.annotation.DelegatingWsConfiguration$$EnhancerBySpringCGLIB$$d9737a50] is not eligible for getting processed by all BeanPostProcessors (for example: not eligible for auto-proxying)
2020-04-20 10:32:48.164  INFO 23896 --- [restartedMain] .w.s.a.s.AnnotationActionEndpointMapping : Supporting [WS-Addressing August 2004, WS-Addressing 1.0]
2020-04-20 10:32:49.276  INFO 23896 --- [restartedMain] o.s.b.w.embedded.tomcat.TomcatWebServer  : Tomcat initialized with port(s): 8080 (http)
2020-04-20 10:32:49.297  INFO 23896 --- [restartedMain] o.apache.catalina.core.StandardService   : Starting service [Tomcat]
2020-04-20 10:32:49.298  INFO 23896 --- [restartedMain] org.apache.catalina.core.StandardEngine  : Starting Servlet engine: [Apache Tomcat/9.0.33]
2020-04-20 10:32:49.546  INFO 23896 --- [restartedMain] o.a.c.c.C.[Tomcat].[localhost].[/]       : Initializing Spring embedded WebApplicationContext
2020-04-20 10:32:49.546  INFO 23896 --- [restartedMain] o.s.web.context.ContextLoader            : Root WebApplicationContext: initialization completed in 4849 ms
2020-04-20 10:32:49.708  INFO 23896 --- [restartedMain] com.zaxxer.hikari.HikariDataSource       : HikariPool-1 - Starting...
2020-04-20 10:32:50.201  INFO 23896 --- [restartedMain] com.zaxxer.hikari.HikariDataSource       : HikariPool-1 - Start completed.
2020-04-20 10:32:50.222  INFO 23896 --- [restartedMain] o.s.b.a.h2.H2ConsoleAutoConfiguration    : H2 console available at '/h2-console'. Database available at 'jdbc:h2:mem:testdb'
2020-04-20 10:32:50.933  INFO 23896 --- [restartedMain] o.hibernate.jpa.internal.util.LogHelper  : HHH000204: Processing PersistenceUnitInfo [name: default]
2020-04-20 10:32:51.086  INFO 23896 --- [restartedMain] org.hibernate.Version                    : HHH000412: Hibernate ORM core version 5.4.12.Final
2020-04-20 10:32:51.386  INFO 23896 --- [restartedMain] o.hibernate.annotations.common.Version   : HCANN000001: Hibernate Commons Annotations {5.1.0.Final}
2020-04-20 10:32:51.645  INFO 23896 --- [restartedMain] org.hibernate.dialect.Dialect            : HHH000400: Using dialect: org.hibernate.dialect.H2Dialect
2020-04-20 10:32:52.803  INFO 23896 --- [restartedMain] o.h.e.t.j.p.i.JtaPlatformInitiator       : HHH000490: Using JtaPlatform implementation: [org.hibernate.engine.transaction.jta.platform.internal.NoJtaPlatform]
2020-04-20 10:32:52.814  INFO 23896 --- [restartedMain] j.LocalContainerEntityManagerFactoryBean : Initialized JPA EntityManagerFactory for persistence unit 'default'
2020-04-20 10:32:52.937  INFO 23896 --- [restartedMain] o.s.b.d.a.OptionalLiveReloadServer       : LiveReload server is running on port 35729
2020-04-20 10:32:54.646  WARN 23896 --- [restartedMain] JpaBaseConfiguration$JpaWebConfiguration : spring.jpa.open-in-view is enabled by default. Therefore, database queries may be performed during view rendering. Explicitly configure spring.jpa.open-in-view to disable this warning
2020-04-20 10:32:55.018  INFO 23896 --- [restartedMain] o.s.s.concurrent.ThreadPoolTaskExecutor  : Initializing ExecutorService 'applicationTaskExecutor'
2020-04-20 10:32:57.717  INFO 23896 --- [restartedMain] o.s.b.w.embedded.tomcat.TomcatWebServer  : Tomcat started on port(s): 8080 (http) with context path ''
2020-04-20 10:32:57.721  INFO 23896 --- [restartedMain] a.c.poc.ApexxCounterPocApplication       : Started ApexxCounterPocApplication in 13.873 seconds (JVM running for 16.428)
2020-04-20 10:33:09.145  INFO 23896 --- [http-nio-8080-exec-1] o.a.c.c.C.[Tomcat].[localhost].[/]       : Initializing Spring DispatcherServlet 'dispatcherServlet'
2020-04-20 10:33:09.145  INFO 23896 --- [http-nio-8080-exec-1] o.s.web.servlet.DispatcherServlet        : Initializing Servlet 'dispatcherServlet'
2020-04-20 10:33:09.182  INFO 23896 --- [http-nio-8080-exec-1] o.s.web.servlet.DispatcherServlet        : Completed initialization in 37 ms
2020-04-20 10:33:09.252  INFO 23896 --- [http-nio-8080-exec-1] a.counter.poc.controller.PspController   : PspController|findById
2020-04-20 10:33:09.343  INFO 23896 --- [http-nio-8080-exec-1] apexx.counter.poc.service.PspService     : PspController|findById|PspService|getById
2020-04-20 10:33:12.681  INFO 23896 --- [http-nio-8080-exec-3] a.counter.poc.controller.PspController   : PspController|resetAllPspCounter
2020-04-20 10:33:12.682  INFO 23896 --- [http-nio-8080-exec-3] apexx.counter.poc.service.PspService     : PspController|resetAllPspCounter|PspService|resetAll
2020-04-20 10:33:15.684  INFO 23896 --- [http-nio-8080-exec-4] a.counter.poc.controller.PspController   : PspController|authorisation
2020-04-20 10:33:15.685  INFO 23896 --- [http-nio-8080-exec-4] a.counter.poc.service.PspCounterService  : PspController|authorisation|PspCounterService|processAuthorisation
2020-04-20 10:33:15.685  INFO 23896 --- [http-nio-8080-exec-4] a.counter.poc.service.PspCounterService  : counter 0
2020-04-20 10:33:15.702  INFO 23896 --- [http-nio-8080-exec-4] a.counter.poc.service.PspCounterService  : yatharth's log {psp22={"pspName":"psp22","reqCount":0}, psp11={"pspName":"psp11","reqCount":0}, psp33={"pspName":"psp33","reqCount":0}, psp44={"pspName":"psp44","reqCount":0}}
2020-04-20 10:33:15.722  INFO 23896 --- [http-nio-8080-exec-4] a.counter.poc.service.PspCounterService  : psp11
2020-04-20 10:34:31.846  INFO 23896 --- [Thread-6] o.s.s.concurrent.ThreadPoolTaskExecutor  : Shutting down ExecutorService 'applicationTaskExecutor'
2020-04-20 10:34:31.855  INFO 23896 --- [Thread-6] j.LocalContainerEntityManagerFactoryBean : Closing JPA EntityManagerFactory for persistence unit 'default'
2020-04-20 10:34:32.112  WARN 23896 --- [Thread-6] o.s.b.f.support.DisposableBeanAdapter    : Invocation of destroy method failed on bean with name 'inMemoryDatabaseShutdownExecutor': org.h2.jdbc.JdbcSQLNonTransientConnectionException: Database is already closed (to disable automatic closing at VM shutdown, add ";DB_CLOSE_ON_EXIT=FALSE" to the db URL) [90121-200]
2020-04-20 10:34:32.121  INFO 23896 --- [Thread-6] com.zaxxer.hikari.HikariDataSource       : HikariPool-1 - Shutdown initiated...
2020-04-20 10:34:32.151  INFO 23896 --- [Thread-6] com.zaxxer.hikari.HikariDataSource       : HikariPool-1 - Shutdown completed.
2020-04-20 10:34:35.349  INFO 23896 --- [restartedMain] a.c.poc.ApexxCounterPocApplication       : Starting ApexxCounterPocApplication on RIA-IN-L-03 with PID 23896 (D:\workspace-spring-tool-suite-4-4.5.1.RELEASE\apexx-counter-POC\target\classes started by RIA-admin in D:\workspace-spring-tool-suite-4-4.5.1.RELEASE\apexx-counter-POC)
2020-04-20 10:34:35.350  INFO 23896 --- [restartedMain] a.c.poc.ApexxCounterPocApplication       : No active profile set, falling back to default profiles: default
2020-04-20 10:34:36.666  INFO 23896 --- [restartedMain] .s.d.r.c.RepositoryConfigurationDelegate : Multiple Spring Data modules found, entering strict repository configuration mode!
2020-04-20 10:34:36.666  INFO 23896 --- [restartedMain] .s.d.r.c.RepositoryConfigurationDelegate : Bootstrapping Spring Data JPA repositories in DEFAULT mode.
2020-04-20 10:34:36.692  INFO 23896 --- [restartedMain] .s.d.r.c.RepositoryConfigurationDelegate : Finished Spring Data repository scanning in 25ms. Found 1 JPA repository interfaces.
2020-04-20 10:34:36.706  INFO 23896 --- [restartedMain] .s.d.r.c.RepositoryConfigurationDelegate : Multiple Spring Data modules found, entering strict repository configuration mode!
2020-04-20 10:34:36.707  INFO 23896 --- [restartedMain] .s.d.r.c.RepositoryConfigurationDelegate : Bootstrapping Spring Data Redis repositories in DEFAULT mode.
2020-04-20 10:34:36.713  INFO 23896 --- [restartedMain] .RepositoryConfigurationExtensionSupport : Spring Data Redis - Could not safely identify store assignment for repository candidate interface apexx.counter.poc.repo.PspRepoInterface. If you want this repository to be a Redis repository, consider annotating your entities with one of these annotations: org.springframework.data.redis.core.RedisHash (preferred), or consider extending one of the following types with your repository: org.springframework.data.keyvalue.repository.KeyValueRepository.
2020-04-20 10:34:36.713  INFO 23896 --- [restartedMain] .s.d.r.c.RepositoryConfigurationDelegate : Finished Spring Data repository scanning in 5ms. Found 0 Redis repository interfaces.
2020-04-20 10:34:36.964  INFO 23896 --- [restartedMain] trationDelegate$BeanPostProcessorChecker : Bean 'org.springframework.ws.config.annotation.DelegatingWsConfiguration' of type [org.springframework.ws.config.annotation.DelegatingWsConfiguration$$EnhancerBySpringCGLIB$$d9737a50] is not eligible for getting processed by all BeanPostProcessors (for example: not eligible for auto-proxying)
2020-04-20 10:34:36.970  INFO 23896 --- [restartedMain] .w.s.a.s.AnnotationActionEndpointMapping : Supporting [WS-Addressing August 2004, WS-Addressing 1.0]
2020-04-20 10:34:37.359  INFO 23896 --- [restartedMain] o.s.b.w.embedded.tomcat.TomcatWebServer  : Tomcat initialized with port(s): 8080 (http)
2020-04-20 10:34:37.360  INFO 23896 --- [restartedMain] o.apache.catalina.core.StandardService   : Starting service [Tomcat]
2020-04-20 10:34:37.361  INFO 23896 --- [restartedMain] org.apache.catalina.core.StandardEngine  : Starting Servlet engine: [Apache Tomcat/9.0.33]
2020-04-20 10:34:37.406  INFO 23896 --- [restartedMain] o.a.c.c.C.[Tomcat].[localhost].[/]       : Initializing Spring embedded WebApplicationContext
2020-04-20 10:34:37.406  INFO 23896 --- [restartedMain] o.s.web.context.ContextLoader            : Root WebApplicationContext: initialization completed in 2041 ms
2020-04-20 10:34:37.451  INFO 23896 --- [restartedMain] com.zaxxer.hikari.HikariDataSource       : HikariPool-2 - Starting...
2020-04-20 10:34:37.455  INFO 23896 --- [restartedMain] com.zaxxer.hikari.HikariDataSource       : HikariPool-2 - Start completed.
2020-04-20 10:34:37.455  INFO 23896 --- [restartedMain] o.s.b.a.h2.H2ConsoleAutoConfiguration    : H2 console available at '/h2-console'. Database available at 'jdbc:h2:mem:testdb'
2020-04-20 10:34:37.571  INFO 23896 --- [restartedMain] o.hibernate.jpa.internal.util.LogHelper  : HHH000204: Processing PersistenceUnitInfo [name: default]
2020-04-20 10:34:37.582  INFO 23896 --- [restartedMain] org.hibernate.dialect.Dialect            : HHH000400: Using dialect: org.hibernate.dialect.H2Dialect
2020-04-20 10:34:37.681  INFO 23896 --- [restartedMain] o.h.e.t.j.p.i.JtaPlatformInitiator       : HHH000490: Using JtaPlatform implementation: [org.hibernate.engine.transaction.jta.platform.internal.NoJtaPlatform]
2020-04-20 10:34:37.682  INFO 23896 --- [restartedMain] j.LocalContainerEntityManagerFactoryBean : Initialized JPA EntityManagerFactory for persistence unit 'default'
2020-04-20 10:34:37.710  INFO 23896 --- [restartedMain] o.s.b.d.a.OptionalLiveReloadServer       : LiveReload server is running on port 35729
2020-04-20 10:34:38.044  WARN 23896 --- [restartedMain] JpaBaseConfiguration$JpaWebConfiguration : spring.jpa.open-in-view is enabled by default. Therefore, database queries may be performed during view rendering. Explicitly configure spring.jpa.open-in-view to disable this warning
2020-04-20 10:34:38.099  INFO 23896 --- [restartedMain] o.s.s.concurrent.ThreadPoolTaskExecutor  : Initializing ExecutorService 'applicationTaskExecutor'
2020-04-20 10:34:38.388  INFO 23896 --- [restartedMain] o.s.b.w.embedded.tomcat.TomcatWebServer  : Tomcat started on port(s): 8080 (http) with context path ''
2020-04-20 10:34:38.390  INFO 23896 --- [restartedMain] a.c.poc.ApexxCounterPocApplication       : Started ApexxCounterPocApplication in 3.26 seconds (JVM running for 117.096)
2020-04-20 10:34:38.394  INFO 23896 --- [restartedMain] .ConditionEvaluationDeltaLoggingListener : Condition evaluation unchanged
2020-04-20 10:34:42.990  INFO 23896 --- [Thread-10] o.s.s.concurrent.ThreadPoolTaskExecutor  : Shutting down ExecutorService 'applicationTaskExecutor'
2020-04-20 10:34:43.008  INFO 23896 --- [Thread-10] j.LocalContainerEntityManagerFactoryBean : Closing JPA EntityManagerFactory for persistence unit 'default'
2020-04-20 10:34:43.249  WARN 23896 --- [Thread-10] o.s.b.f.support.DisposableBeanAdapter    : Invocation of destroy method failed on bean with name 'inMemoryDatabaseShutdownExecutor': org.h2.jdbc.JdbcSQLNonTransientConnectionException: Database is already closed (to disable automatic closing at VM shutdown, add ";DB_CLOSE_ON_EXIT=FALSE" to the db URL) [90121-200]
2020-04-20 10:34:43.252  INFO 23896 --- [Thread-10] com.zaxxer.hikari.HikariDataSource       : HikariPool-2 - Shutdown initiated...
2020-04-20 10:34:43.377  INFO 23896 --- [Thread-10] com.zaxxer.hikari.HikariDataSource       : HikariPool-2 - Shutdown completed.
2020-04-20 10:34:46.015  INFO 23896 --- [restartedMain] a.c.poc.ApexxCounterPocApplication       : Starting ApexxCounterPocApplication on RIA-IN-L-03 with PID 23896 (D:\workspace-spring-tool-suite-4-4.5.1.RELEASE\apexx-counter-POC\target\classes started by RIA-admin in D:\workspace-spring-tool-suite-4-4.5.1.RELEASE\apexx-counter-POC)
2020-04-20 10:34:46.016  INFO 23896 --- [restartedMain] a.c.poc.ApexxCounterPocApplication       : No active profile set, falling back to default profiles: default
2020-04-20 10:34:47.175  INFO 23896 --- [restartedMain] .s.d.r.c.RepositoryConfigurationDelegate : Multiple Spring Data modules found, entering strict repository configuration mode!
2020-04-20 10:34:47.176  INFO 23896 --- [restartedMain] .s.d.r.c.RepositoryConfigurationDelegate : Bootstrapping Spring Data JPA repositories in DEFAULT mode.
2020-04-20 10:34:47.203  INFO 23896 --- [restartedMain] .s.d.r.c.RepositoryConfigurationDelegate : Finished Spring Data repository scanning in 25ms. Found 1 JPA repository interfaces.
2020-04-20 10:34:47.214  INFO 23896 --- [restartedMain] .s.d.r.c.RepositoryConfigurationDelegate : Multiple Spring Data modules found, entering strict repository configuration mode!
2020-04-20 10:34:47.214  INFO 23896 --- [restartedMain] .s.d.r.c.RepositoryConfigurationDelegate : Bootstrapping Spring Data Redis repositories in DEFAULT mode.
2020-04-20 10:34:47.222  INFO 23896 --- [restartedMain] .RepositoryConfigurationExtensionSupport : Spring Data Redis - Could not safely identify store assignment for repository candidate interface apexx.counter.poc.repo.PspRepoInterface. If you want this repository to be a Redis repository, consider annotating your entities with one of these annotations: org.springframework.data.redis.core.RedisHash (preferred), or consider extending one of the following types with your repository: org.springframework.data.keyvalue.repository.KeyValueRepository.
2020-04-20 10:34:47.223  INFO 23896 --- [restartedMain] .s.d.r.c.RepositoryConfigurationDelegate : Finished Spring Data repository scanning in 8ms. Found 0 Redis repository interfaces.
2020-04-20 10:34:47.457  INFO 23896 --- [restartedMain] trationDelegate$BeanPostProcessorChecker : Bean 'org.springframework.ws.config.annotation.DelegatingWsConfiguration' of type [org.springframework.ws.config.annotation.DelegatingWsConfiguration$$EnhancerBySpringCGLIB$$d9737a50] is not eligible for getting processed by all BeanPostProcessors (for example: not eligible for auto-proxying)
2020-04-20 10:34:47.462  INFO 23896 --- [restartedMain] .w.s.a.s.AnnotationActionEndpointMapping : Supporting [WS-Addressing August 2004, WS-Addressing 1.0]
2020-04-20 10:34:47.871  INFO 23896 --- [restartedMain] o.s.b.w.embedded.tomcat.TomcatWebServer  : Tomcat initialized with port(s): 8080 (http)
2020-04-20 10:34:47.872  INFO 23896 --- [restartedMain] o.apache.catalina.core.StandardService   : Starting service [Tomcat]
2020-04-20 10:34:47.873  INFO 23896 --- [restartedMain] org.apache.catalina.core.StandardEngine  : Starting Servlet engine: [Apache Tomcat/9.0.33]
2020-04-20 10:34:47.932  INFO 23896 --- [restartedMain] o.a.c.c.C.[Tomcat].[localhost].[/]       : Initializing Spring embedded WebApplicationContext
2020-04-20 10:34:47.932  INFO 23896 --- [restartedMain] o.s.web.context.ContextLoader            : Root WebApplicationContext: initialization completed in 1899 ms
2020-04-20 10:34:47.986  INFO 23896 --- [restartedMain] com.zaxxer.hikari.HikariDataSource       : HikariPool-3 - Starting...
2020-04-20 10:34:47.992  INFO 23896 --- [restartedMain] com.zaxxer.hikari.HikariDataSource       : HikariPool-3 - Start completed.
2020-04-20 10:34:47.992  INFO 23896 --- [restartedMain] o.s.b.a.h2.H2ConsoleAutoConfiguration    : H2 console available at '/h2-console'. Database available at 'jdbc:h2:mem:testdb'
2020-04-20 10:34:48.160  INFO 23896 --- [restartedMain] o.hibernate.jpa.internal.util.LogHelper  : HHH000204: Processing PersistenceUnitInfo [name: default]
2020-04-20 10:34:48.169  INFO 23896 --- [restartedMain] org.hibernate.dialect.Dialect            : HHH000400: Using dialect: org.hibernate.dialect.H2Dialect
2020-04-20 10:34:48.290  INFO 23896 --- [restartedMain] o.h.e.t.j.p.i.JtaPlatformInitiator       : HHH000490: Using JtaPlatform implementation: [org.hibernate.engine.transaction.jta.platform.internal.NoJtaPlatform]
2020-04-20 10:34:48.290  INFO 23896 --- [restartedMain] j.LocalContainerEntityManagerFactoryBean : Initialized JPA EntityManagerFactory for persistence unit 'default'
2020-04-20 10:34:48.331  INFO 23896 --- [restartedMain] o.s.b.d.a.OptionalLiveReloadServer       : LiveReload server is running on port 35729
2020-04-20 10:34:48.791  WARN 23896 --- [restartedMain] JpaBaseConfiguration$JpaWebConfiguration : spring.jpa.open-in-view is enabled by default. Therefore, database queries may be performed during view rendering. Explicitly configure spring.jpa.open-in-view to disable this warning
2020-04-20 10:34:48.859  INFO 23896 --- [restartedMain] o.s.s.concurrent.ThreadPoolTaskExecutor  : Initializing ExecutorService 'applicationTaskExecutor'
2020-04-20 10:34:49.301  INFO 23896 --- [restartedMain] o.s.b.w.embedded.tomcat.TomcatWebServer  : Tomcat started on port(s): 8080 (http) with context path ''
2020-04-20 10:34:49.303  INFO 23896 --- [restartedMain] a.c.poc.ApexxCounterPocApplication       : Started ApexxCounterPocApplication in 3.457 seconds (JVM running for 128.009)
2020-04-20 10:34:49.308  INFO 23896 --- [restartedMain] .ConditionEvaluationDeltaLoggingListener : Condition evaluation unchanged
2020-04-20 10:35:22.822  INFO 23896 --- [Thread-15] o.s.s.concurrent.ThreadPoolTaskExecutor  : Shutting down ExecutorService 'applicationTaskExecutor'
2020-04-20 10:35:22.825  INFO 23896 --- [Thread-15] j.LocalContainerEntityManagerFactoryBean : Closing JPA EntityManagerFactory for persistence unit 'default'
2020-04-20 10:35:23.028  WARN 23896 --- [Thread-15] o.s.b.f.support.DisposableBeanAdapter    : Invocation of destroy method failed on bean with name 'inMemoryDatabaseShutdownExecutor': org.h2.jdbc.JdbcSQLNonTransientConnectionException: Database is already closed (to disable automatic closing at VM shutdown, add ";DB_CLOSE_ON_EXIT=FALSE" to the db URL) [90121-200]
2020-04-20 10:35:23.029  INFO 23896 --- [Thread-15] com.zaxxer.hikari.HikariDataSource       : HikariPool-3 - Shutdown initiated...
2020-04-20 10:35:23.034  INFO 23896 --- [Thread-15] com.zaxxer.hikari.HikariDataSource       : HikariPool-3 - Shutdown completed.
2020-04-20 10:35:24.224  INFO 23896 --- [restartedMain] a.c.poc.ApexxCounterPocApplication       : Starting ApexxCounterPocApplication on RIA-IN-L-03 with PID 23896 (D:\workspace-spring-tool-suite-4-4.5.1.RELEASE\apexx-counter-POC\target\classes started by RIA-admin in D:\workspace-spring-tool-suite-4-4.5.1.RELEASE\apexx-counter-POC)
2020-04-20 10:35:24.225  INFO 23896 --- [restartedMain] a.c.poc.ApexxCounterPocApplication       : No active profile set, falling back to default profiles: default
2020-04-20 10:35:24.660  INFO 23896 --- [restartedMain] .s.d.r.c.RepositoryConfigurationDelegate : Multiple Spring Data modules found, entering strict repository configuration mode!
2020-04-20 10:35:24.660  INFO 23896 --- [restartedMain] .s.d.r.c.RepositoryConfigurationDelegate : Bootstrapping Spring Data JPA repositories in DEFAULT mode.
2020-04-20 10:35:24.673  INFO 23896 --- [restartedMain] .s.d.r.c.RepositoryConfigurationDelegate : Finished Spring Data repository scanning in 12ms. Found 1 JPA repository interfaces.
2020-04-20 10:35:24.677  INFO 23896 --- [restartedMain] .s.d.r.c.RepositoryConfigurationDelegate : Multiple Spring Data modules found, entering strict repository configuration mode!
2020-04-20 10:35:24.677  INFO 23896 --- [restartedMain] .s.d.r.c.RepositoryConfigurationDelegate : Bootstrapping Spring Data Redis repositories in DEFAULT mode.
2020-04-20 10:35:24.681  INFO 23896 --- [restartedMain] .RepositoryConfigurationExtensionSupport : Spring Data Redis - Could not safely identify store assignment for repository candidate interface apexx.counter.poc.repo.PspRepoInterface. If you want this repository to be a Redis repository, consider annotating your entities with one of these annotations: org.springframework.data.redis.core.RedisHash (preferred), or consider extending one of the following types with your repository: org.springframework.data.keyvalue.repository.KeyValueRepository.
2020-04-20 10:35:24.681  INFO 23896 --- [restartedMain] .s.d.r.c.RepositoryConfigurationDelegate : Finished Spring Data repository scanning in 3ms. Found 0 Redis repository interfaces.
2020-04-20 10:35:24.802  INFO 23896 --- [restartedMain] trationDelegate$BeanPostProcessorChecker : Bean 'org.springframework.ws.config.annotation.DelegatingWsConfiguration' of type [org.springframework.ws.config.annotation.DelegatingWsConfiguration$$EnhancerBySpringCGLIB$$d9737a50] is not eligible for getting processed by all BeanPostProcessors (for example: not eligible for auto-proxying)
2020-04-20 10:35:24.805  INFO 23896 --- [restartedMain] .w.s.a.s.AnnotationActionEndpointMapping : Supporting [WS-Addressing August 2004, WS-Addressing 1.0]
2020-04-20 10:35:25.052  INFO 23896 --- [restartedMain] o.s.b.w.embedded.tomcat.TomcatWebServer  : Tomcat initialized with port(s): 8080 (http)
2020-04-20 10:35:25.053  INFO 23896 --- [restartedMain] o.apache.catalina.core.StandardService   : Starting service [Tomcat]
2020-04-20 10:35:25.053  INFO 23896 --- [restartedMain] org.apache.catalina.core.StandardEngine  : Starting Servlet engine: [Apache Tomcat/9.0.33]
2020-04-20 10:35:25.087  INFO 23896 --- [restartedMain] o.a.c.c.C.[Tomcat].[localhost].[/]       : Initializing Spring embedded WebApplicationContext
2020-04-20 10:35:25.088  INFO 23896 --- [restartedMain] o.s.web.context.ContextLoader            : Root WebApplicationContext: initialization completed in 859 ms
2020-04-20 10:35:25.119  INFO 23896 --- [restartedMain] com.zaxxer.hikari.HikariDataSource       : HikariPool-4 - Starting...
2020-04-20 10:35:25.122  INFO 23896 --- [restartedMain] com.zaxxer.hikari.HikariDataSource       : HikariPool-4 - Start completed.
2020-04-20 10:35:25.122  INFO 23896 --- [restartedMain] o.s.b.a.h2.H2ConsoleAutoConfiguration    : H2 console available at '/h2-console'. Database available at 'jdbc:h2:mem:testdb'
2020-04-20 10:35:25.209  INFO 23896 --- [restartedMain] o.hibernate.jpa.internal.util.LogHelper  : HHH000204: Processing PersistenceUnitInfo [name: default]
2020-04-20 10:35:25.219  INFO 23896 --- [restartedMain] org.hibernate.dialect.Dialect            : HHH000400: Using dialect: org.hibernate.dialect.H2Dialect
2020-04-20 10:35:25.321  INFO 23896 --- [restartedMain] o.h.e.t.j.p.i.JtaPlatformInitiator       : HHH000490: Using JtaPlatform implementation: [org.hibernate.engine.transaction.jta.platform.internal.NoJtaPlatform]
2020-04-20 10:35:25.322  INFO 23896 --- [restartedMain] j.LocalContainerEntityManagerFactoryBean : Initialized JPA EntityManagerFactory for persistence unit 'default'
2020-04-20 10:35:25.379  INFO 23896 --- [restartedMain] o.s.b.d.a.OptionalLiveReloadServer       : LiveReload server is running on port 35729
2020-04-20 10:35:25.985  WARN 23896 --- [restartedMain] JpaBaseConfiguration$JpaWebConfiguration : spring.jpa.open-in-view is enabled by default. Therefore, database queries may be performed during view rendering. Explicitly configure spring.jpa.open-in-view to disable this warning
2020-04-20 10:35:26.087  INFO 23896 --- [restartedMain] o.s.s.concurrent.ThreadPoolTaskExecutor  : Initializing ExecutorService 'applicationTaskExecutor'
2020-04-20 10:35:26.594  INFO 23896 --- [restartedMain] o.s.b.w.embedded.tomcat.TomcatWebServer  : Tomcat started on port(s): 8080 (http) with context path ''
2020-04-20 10:35:26.595  INFO 23896 --- [restartedMain] a.c.poc.ApexxCounterPocApplication       : Started ApexxCounterPocApplication in 2.42 seconds (JVM running for 165.302)
2020-04-20 10:35:26.599  INFO 23896 --- [restartedMain] .ConditionEvaluationDeltaLoggingListener : Condition evaluation unchanged
2020-04-20 10:35:51.060  INFO 23896 --- [Thread-20] o.s.s.concurrent.ThreadPoolTaskExecutor  : Shutting down ExecutorService 'applicationTaskExecutor'
2020-04-20 10:35:51.062  INFO 23896 --- [Thread-20] j.LocalContainerEntityManagerFactoryBean : Closing JPA EntityManagerFactory for persistence unit 'default'
2020-04-20 10:35:51.268  WARN 23896 --- [Thread-20] o.s.b.f.support.DisposableBeanAdapter    : Invocation of destroy method failed on bean with name 'inMemoryDatabaseShutdownExecutor': org.h2.jdbc.JdbcSQLNonTransientConnectionException: Database is already closed (to disable automatic closing at VM shutdown, add ";DB_CLOSE_ON_EXIT=FALSE" to the db URL) [90121-200]
2020-04-20 10:35:51.270  INFO 23896 --- [Thread-20] com.zaxxer.hikari.HikariDataSource       : HikariPool-4 - Shutdown initiated...
2020-04-20 10:35:51.275  INFO 23896 --- [Thread-20] com.zaxxer.hikari.HikariDataSource       : HikariPool-4 - Shutdown completed.
2020-04-20 10:35:52.649  INFO 23896 --- [restartedMain] a.c.poc.ApexxCounterPocApplication       : Starting ApexxCounterPocApplication on RIA-IN-L-03 with PID 23896 (D:\workspace-spring-tool-suite-4-4.5.1.RELEASE\apexx-counter-POC\target\classes started by RIA-admin in D:\workspace-spring-tool-suite-4-4.5.1.RELEASE\apexx-counter-POC)
2020-04-20 10:35:52.649  INFO 23896 --- [restartedMain] a.c.poc.ApexxCounterPocApplication       : No active profile set, falling back to default profiles: default
2020-04-20 10:35:53.105  INFO 23896 --- [restartedMain] .s.d.r.c.RepositoryConfigurationDelegate : Multiple Spring Data modules found, entering strict repository configuration mode!
2020-04-20 10:35:53.105  INFO 23896 --- [restartedMain] .s.d.r.c.RepositoryConfigurationDelegate : Bootstrapping Spring Data JPA repositories in DEFAULT mode.
2020-04-20 10:35:53.118  INFO 23896 --- [restartedMain] .s.d.r.c.RepositoryConfigurationDelegate : Finished Spring Data repository scanning in 12ms. Found 1 JPA repository interfaces.
2020-04-20 10:35:53.125  INFO 23896 --- [restartedMain] .s.d.r.c.RepositoryConfigurationDelegate : Multiple Spring Data modules found, entering strict repository configuration mode!
2020-04-20 10:35:53.126  INFO 23896 --- [restartedMain] .s.d.r.c.RepositoryConfigurationDelegate : Bootstrapping Spring Data Redis repositories in DEFAULT mode.
2020-04-20 10:35:53.130  INFO 23896 --- [restartedMain] .RepositoryConfigurationExtensionSupport : Spring Data Redis - Could not safely identify store assignment for repository candidate interface apexx.counter.poc.repo.PspRepoInterface. If you want this repository to be a Redis repository, consider annotating your entities with one of these annotations: org.springframework.data.redis.core.RedisHash (preferred), or consider extending one of the following types with your repository: org.springframework.data.keyvalue.repository.KeyValueRepository.
2020-04-20 10:35:53.130  INFO 23896 --- [restartedMain] .s.d.r.c.RepositoryConfigurationDelegate : Finished Spring Data repository scanning in 3ms. Found 0 Redis repository interfaces.
2020-04-20 10:35:53.242  INFO 23896 --- [restartedMain] trationDelegate$BeanPostProcessorChecker : Bean 'org.springframework.ws.config.annotation.DelegatingWsConfiguration' of type [org.springframework.ws.config.annotation.DelegatingWsConfiguration$$EnhancerBySpringCGLIB$$d9737a50] is not eligible for getting processed by all BeanPostProcessors (for example: not eligible for auto-proxying)
2020-04-20 10:35:53.246  INFO 23896 --- [restartedMain] .w.s.a.s.AnnotationActionEndpointMapping : Supporting [WS-Addressing August 2004, WS-Addressing 1.0]
2020-04-20 10:35:53.531  INFO 23896 --- [restartedMain] o.s.b.w.embedded.tomcat.TomcatWebServer  : Tomcat initialized with port(s): 8080 (http)
2020-04-20 10:35:53.532  INFO 23896 --- [restartedMain] o.apache.catalina.core.StandardService   : Starting service [Tomcat]
2020-04-20 10:35:53.532  INFO 23896 --- [restartedMain] org.apache.catalina.core.StandardEngine  : Starting Servlet engine: [Apache Tomcat/9.0.33]
2020-04-20 10:35:53.572  INFO 23896 --- [restartedMain] o.a.c.c.C.[Tomcat].[localhost].[/]       : Initializing Spring embedded WebApplicationContext
2020-04-20 10:35:53.572  INFO 23896 --- [restartedMain] o.s.web.context.ContextLoader            : Root WebApplicationContext: initialization completed in 919 ms
2020-04-20 10:35:53.605  INFO 23896 --- [restartedMain] com.zaxxer.hikari.HikariDataSource       : HikariPool-5 - Starting...
2020-04-20 10:35:53.608  INFO 23896 --- [restartedMain] com.zaxxer.hikari.HikariDataSource       : HikariPool-5 - Start completed.
2020-04-20 10:35:53.608  INFO 23896 --- [restartedMain] o.s.b.a.h2.H2ConsoleAutoConfiguration    : H2 console available at '/h2-console'. Database available at 'jdbc:h2:mem:testdb'
2020-04-20 10:35:53.705  INFO 23896 --- [restartedMain] o.hibernate.jpa.internal.util.LogHelper  : HHH000204: Processing PersistenceUnitInfo [name: default]
2020-04-20 10:35:53.715  INFO 23896 --- [restartedMain] org.hibernate.dialect.Dialect            : HHH000400: Using dialect: org.hibernate.dialect.H2Dialect
2020-04-20 10:35:53.776  INFO 23896 --- [restartedMain] o.h.e.t.j.p.i.JtaPlatformInitiator       : HHH000490: Using JtaPlatform implementation: [org.hibernate.engine.transaction.jta.platform.internal.NoJtaPlatform]
2020-04-20 10:35:53.777  INFO 23896 --- [restartedMain] j.LocalContainerEntityManagerFactoryBean : Initialized JPA EntityManagerFactory for persistence unit 'default'
2020-04-20 10:35:53.804  INFO 23896 --- [restartedMain] o.s.b.d.a.OptionalLiveReloadServer       : LiveReload server is running on port 35729
2020-04-20 10:35:53.833  WARN 23896 --- [restartedMain] ConfigServletWebServerApplicationContext : Exception encountered during context initialization - cancelling refresh attempt: org.springframework.beans.factory.UnsatisfiedDependencyException: Error creating bean with name 'pspController': Unsatisfied dependency expressed through field 'ps'; nested exception is org.springframework.beans.factory.BeanCreationException: Error creating bean with name 'pspService' defined in file [D:\workspace-spring-tool-suite-4-4.5.1.RELEASE\apexx-counter-POC\target\classes\apexx\counter\poc\service\PspService.class]: Bean instantiation via constructor failed; nested exception is org.springframework.beans.BeanInstantiationException: Failed to instantiate [apexx.counter.poc.service.PspService]: Constructor threw exception; nested exception is java.lang.Error: Unresolved compilation problems: 
	Duplicate local variable redisTemplate
	Illegal modifier for parameter redisTemplate; only final is permitted

2020-04-20 10:35:53.833  INFO 23896 --- [restartedMain] j.LocalContainerEntityManagerFactoryBean : Closing JPA EntityManagerFactory for persistence unit 'default'
2020-04-20 10:35:54.034  WARN 23896 --- [restartedMain] o.s.b.f.support.DisposableBeanAdapter    : Invocation of destroy method failed on bean with name 'inMemoryDatabaseShutdownExecutor': org.h2.jdbc.JdbcSQLNonTransientConnectionException: Database is already closed (to disable automatic closing at VM shutdown, add ";DB_CLOSE_ON_EXIT=FALSE" to the db URL) [90121-200]
2020-04-20 10:35:54.035  INFO 23896 --- [restartedMain] com.zaxxer.hikari.HikariDataSource       : HikariPool-5 - Shutdown initiated...
2020-04-20 10:35:54.040  INFO 23896 --- [restartedMain] com.zaxxer.hikari.HikariDataSource       : HikariPool-5 - Shutdown completed.
2020-04-20 10:35:54.041  INFO 23896 --- [restartedMain] o.apache.catalina.core.StandardService   : Stopping service [Tomcat]
2020-04-20 10:35:54.051  INFO 23896 --- [restartedMain] ConditionEvaluationReportLoggingListener : 

Error starting ApplicationContext. To display the conditions report re-run your application with 'debug' enabled.
2020-04-20 10:35:54.079 ERROR 23896 --- [restartedMain] o.s.boot.SpringApplication               : Application run failed

org.springframework.beans.factory.UnsatisfiedDependencyException: Error creating bean with name 'pspController': Unsatisfied dependency expressed through field 'ps'; nested exception is org.springframework.beans.factory.BeanCreationException: Error creating bean with name 'pspService' defined in file [D:\workspace-spring-tool-suite-4-4.5.1.RELEASE\apexx-counter-POC\target\classes\apexx\counter\poc\service\PspService.class]: Bean instantiation via constructor failed; nested exception is org.springframework.beans.BeanInstantiationException: Failed to instantiate [apexx.counter.poc.service.PspService]: Constructor threw exception; nested exception is java.lang.Error: Unresolved compilation problems: 
	Duplicate local variable redisTemplate
	Illegal modifier for parameter redisTemplate; only final is permitted

	at org.springframework.beans.factory.annotation.AutowiredAnnotationBeanPostProcessor$AutowiredFieldElement.inject(AutowiredAnnotationBeanPostProcessor.java:643) ~[spring-beans-5.2.5.RELEASE.jar:5.2.5.RELEASE]
	at org.springframework.beans.factory.annotation.InjectionMetadata.inject(InjectionMetadata.java:130) ~[spring-beans-5.2.5.RELEASE.jar:5.2.5.RELEASE]
	at org.springframework.beans.factory.annotation.AutowiredAnnotationBeanPostProcessor.postProcessProperties(AutowiredAnnotationBeanPostProcessor.java:399) ~[spring-beans-5.2.5.RELEASE.jar:5.2.5.RELEASE]
	at org.springframework.beans.factory.support.AbstractAutowireCapableBeanFactory.populateBean(AbstractAutowireCapableBeanFactory.java:1422) ~[spring-beans-5.2.5.RELEASE.jar:5.2.5.RELEASE]
	at org.springframework.beans.factory.support.AbstractAutowireCapableBeanFactory.doCreateBean(AbstractAutowireCapableBeanFactory.java:594) ~[spring-beans-5.2.5.RELEASE.jar:5.2.5.RELEASE]
	at org.springframework.beans.factory.support.AbstractAutowireCapableBeanFactory.createBean(AbstractAutowireCapableBeanFactory.java:517) ~[spring-beans-5.2.5.RELEASE.jar:5.2.5.RELEASE]
	at org.springframework.beans.factory.support.AbstractBeanFactory.lambda$doGetBean$0(AbstractBeanFactory.java:323) ~[spring-beans-5.2.5.RELEASE.jar:5.2.5.RELEASE]
	at org.springframework.beans.factory.support.DefaultSingletonBeanRegistry.getSingleton(DefaultSingletonBeanRegistry.java:222) ~[spring-beans-5.2.5.RELEASE.jar:5.2.5.RELEASE]
	at org.springframework.beans.factory.support.AbstractBeanFactory.doGetBean(AbstractBeanFactory.java:321) ~[spring-beans-5.2.5.RELEASE.jar:5.2.5.RELEASE]
	at org.springframework.beans.factory.support.AbstractBeanFactory.getBean(AbstractBeanFactory.java:202) ~[spring-beans-5.2.5.RELEASE.jar:5.2.5.RELEASE]
	at org.springframework.beans.factory.support.DefaultListableBeanFactory.preInstantiateSingletons(DefaultListableBeanFactory.java:882) ~[spring-beans-5.2.5.RELEASE.jar:5.2.5.RELEASE]
	at org.springframework.context.support.AbstractApplicationContext.finishBeanFactoryInitialization(AbstractApplicationContext.java:878) ~[spring-context-5.2.5.RELEASE.jar:5.2.5.RELEASE]
	at org.springframework.context.support.AbstractApplicationContext.refresh(AbstractApplicationContext.java:550) ~[spring-context-5.2.5.RELEASE.jar:5.2.5.RELEASE]
	at org.springframework.boot.web.servlet.context.ServletWebServerApplicationContext.refresh(ServletWebServerApplicationContext.java:141) ~[spring-boot-2.2.6.RELEASE.jar:2.2.6.RELEASE]
	at org.springframework.boot.SpringApplication.refresh(SpringApplication.java:747) [spring-boot-2.2.6.RELEASE.jar:2.2.6.RELEASE]
	at org.springframework.boot.SpringApplication.refreshContext(SpringApplication.java:397) [spring-boot-2.2.6.RELEASE.jar:2.2.6.RELEASE]
	at org.springframework.boot.SpringApplication.run(SpringApplication.java:315) [spring-boot-2.2.6.RELEASE.jar:2.2.6.RELEASE]
	at org.springframework.boot.SpringApplication.run(SpringApplication.java:1226) [spring-boot-2.2.6.RELEASE.jar:2.2.6.RELEASE]
	at org.springframework.boot.SpringApplication.run(SpringApplication.java:1215) [spring-boot-2.2.6.RELEASE.jar:2.2.6.RELEASE]
	at apexx.counter.poc.ApexxCounterPocApplication.main(ApexxCounterPocApplication.java:12) [classes/:na]
	at sun.reflect.NativeMethodAccessorImpl.invoke0(Native Method) ~[na:1.8.0_181]
	at sun.reflect.NativeMethodAccessorImpl.invoke(NativeMethodAccessorImpl.java:62) ~[na:1.8.0_181]
	at sun.reflect.DelegatingMethodAccessorImpl.invoke(DelegatingMethodAccessorImpl.java:43) ~[na:1.8.0_181]
	at java.lang.reflect.Method.invoke(Method.java:498) ~[na:1.8.0_181]
	at org.springframework.boot.devtools.restart.RestartLauncher.run(RestartLauncher.java:49) [spring-boot-devtools-2.2.6.RELEASE.jar:2.2.6.RELEASE]
Caused by: org.springframework.beans.factory.BeanCreationException: Error creating bean with name 'pspService' defined in file [D:\workspace-spring-tool-suite-4-4.5.1.RELEASE\apexx-counter-POC\target\classes\apexx\counter\poc\service\PspService.class]: Bean instantiation via constructor failed; nested exception is org.springframework.beans.BeanInstantiationException: Failed to instantiate [apexx.counter.poc.service.PspService]: Constructor threw exception; nested exception is java.lang.Error: Unresolved compilation problems: 
	Duplicate local variable redisTemplate
	Illegal modifier for parameter redisTemplate; only final is permitted

	at org.springframework.beans.factory.support.ConstructorResolver.instantiate(ConstructorResolver.java:314) ~[spring-beans-5.2.5.RELEASE.jar:5.2.5.RELEASE]
	at org.springframework.beans.factory.support.ConstructorResolver.autowireConstructor(ConstructorResolver.java:295) ~[spring-beans-5.2.5.RELEASE.jar:5.2.5.RELEASE]
	at org.springframework.beans.factory.support.AbstractAutowireCapableBeanFactory.autowireConstructor(AbstractAutowireCapableBeanFactory.java:1358) ~[spring-beans-5.2.5.RELEASE.jar:5.2.5.RELEASE]
	at org.springframework.beans.factory.support.AbstractAutowireCapableBeanFactory.createBeanInstance(AbstractAutowireCapableBeanFactory.java:1204) ~[spring-beans-5.2.5.RELEASE.jar:5.2.5.RELEASE]
	at org.springframework.beans.factory.support.AbstractAutowireCapableBeanFactory.doCreateBean(AbstractAutowireCapableBeanFactory.java:557) ~[spring-beans-5.2.5.RELEASE.jar:5.2.5.RELEASE]
	at org.springframework.beans.factory.support.AbstractAutowireCapableBeanFactory.createBean(AbstractAutowireCapableBeanFactory.java:517) ~[spring-beans-5.2.5.RELEASE.jar:5.2.5.RELEASE]
	at org.springframework.beans.factory.support.AbstractBeanFactory.lambda$doGetBean$0(AbstractBeanFactory.java:323) ~[spring-beans-5.2.5.RELEASE.jar:5.2.5.RELEASE]
	at org.springframework.beans.factory.support.DefaultSingletonBeanRegistry.getSingleton(DefaultSingletonBeanRegistry.java:222) ~[spring-beans-5.2.5.RELEASE.jar:5.2.5.RELEASE]
	at org.springframework.beans.factory.support.AbstractBeanFactory.doGetBean(AbstractBeanFactory.java:321) ~[spring-beans-5.2.5.RELEASE.jar:5.2.5.RELEASE]
	at org.springframework.beans.factory.support.AbstractBeanFactory.getBean(AbstractBeanFactory.java:202) ~[spring-beans-5.2.5.RELEASE.jar:5.2.5.RELEASE]
	at org.springframework.beans.factory.config.DependencyDescriptor.resolveCandidate(DependencyDescriptor.java:276) ~[spring-beans-5.2.5.RELEASE.jar:5.2.5.RELEASE]
	at org.springframework.beans.factory.support.DefaultListableBeanFactory.doResolveDependency(DefaultListableBeanFactory.java:1290) ~[spring-beans-5.2.5.RELEASE.jar:5.2.5.RELEASE]
	at org.springframework.beans.factory.support.DefaultListableBeanFactory.resolveDependency(DefaultListableBeanFactory.java:1210) ~[spring-beans-5.2.5.RELEASE.jar:5.2.5.RELEASE]
	at org.springframework.beans.factory.annotation.AutowiredAnnotationBeanPostProcessor$AutowiredFieldElement.inject(AutowiredAnnotationBeanPostProcessor.java:640) ~[spring-beans-5.2.5.RELEASE.jar:5.2.5.RELEASE]
	... 24 common frames omitted
Caused by: org.springframework.beans.BeanInstantiationException: Failed to instantiate [apexx.counter.poc.service.PspService]: Constructor threw exception; nested exception is java.lang.Error: Unresolved compilation problems: 
	Duplicate local variable redisTemplate
	Illegal modifier for parameter redisTemplate; only final is permitted

	at org.springframework.beans.BeanUtils.instantiateClass(BeanUtils.java:217) ~[spring-beans-5.2.5.RELEASE.jar:5.2.5.RELEASE]
	at org.springframework.beans.factory.support.SimpleInstantiationStrategy.instantiate(SimpleInstantiationStrategy.java:117) ~[spring-beans-5.2.5.RELEASE.jar:5.2.5.RELEASE]
	at org.springframework.beans.factory.support.ConstructorResolver.instantiate(ConstructorResolver.java:310) ~[spring-beans-5.2.5.RELEASE.jar:5.2.5.RELEASE]
	... 37 common frames omitted
Caused by: java.lang.Error: Unresolved compilation problems: 
	Duplicate local variable redisTemplate
	Illegal modifier for parameter redisTemplate; only final is permitted

	at apexx.counter.poc.service.PspService.<init>(PspService.java:33) ~[classes/:na]
	at sun.reflect.NativeConstructorAccessorImpl.newInstance0(Native Method) ~[na:1.8.0_181]
	at sun.reflect.NativeConstructorAccessorImpl.newInstance(NativeConstructorAccessorImpl.java:62) ~[na:1.8.0_181]
	at sun.reflect.DelegatingConstructorAccessorImpl.newInstance(DelegatingConstructorAccessorImpl.java:45) ~[na:1.8.0_181]
	at java.lang.reflect.Constructor.newInstance(Constructor.java:423) ~[na:1.8.0_181]
	at org.springframework.beans.BeanUtils.instantiateClass(BeanUtils.java:204) ~[spring-beans-5.2.5.RELEASE.jar:5.2.5.RELEASE]
	... 39 common frames omitted

2020-04-20 10:36:05.706  INFO 23896 --- [restartedMain] a.c.poc.ApexxCounterPocApplication       : Starting ApexxCounterPocApplication on RIA-IN-L-03 with PID 23896 (D:\workspace-spring-tool-suite-4-4.5.1.RELEASE\apexx-counter-POC\target\classes started by RIA-admin in D:\workspace-spring-tool-suite-4-4.5.1.RELEASE\apexx-counter-POC)
2020-04-20 10:36:05.706  INFO 23896 --- [restartedMain] a.c.poc.ApexxCounterPocApplication       : No active profile set, falling back to default profiles: default
2020-04-20 10:36:06.283  INFO 23896 --- [restartedMain] .s.d.r.c.RepositoryConfigurationDelegate : Multiple Spring Data modules found, entering strict repository configuration mode!
2020-04-20 10:36:06.284  INFO 23896 --- [restartedMain] .s.d.r.c.RepositoryConfigurationDelegate : Bootstrapping Spring Data JPA repositories in DEFAULT mode.
2020-04-20 10:36:06.301  INFO 23896 --- [restartedMain] .s.d.r.c.RepositoryConfigurationDelegate : Finished Spring Data repository scanning in 17ms. Found 1 JPA repository interfaces.
2020-04-20 10:36:06.310  INFO 23896 --- [restartedMain] .s.d.r.c.RepositoryConfigurationDelegate : Multiple Spring Data modules found, entering strict repository configuration mode!
2020-04-20 10:36:06.310  INFO 23896 --- [restartedMain] .s.d.r.c.RepositoryConfigurationDelegate : Bootstrapping Spring Data Redis repositories in DEFAULT mode.
2020-04-20 10:36:06.315  INFO 23896 --- [restartedMain] .RepositoryConfigurationExtensionSupport : Spring Data Redis - Could not safely identify store assignment for repository candidate interface apexx.counter.poc.repo.PspRepoInterface. If you want this repository to be a Redis repository, consider annotating your entities with one of these annotations: org.springframework.data.redis.core.RedisHash (preferred), or consider extending one of the following types with your repository: org.springframework.data.keyvalue.repository.KeyValueRepository.
2020-04-20 10:36:06.315  INFO 23896 --- [restartedMain] .s.d.r.c.RepositoryConfigurationDelegate : Finished Spring Data repository scanning in 5ms. Found 0 Redis repository interfaces.
2020-04-20 10:36:06.478  INFO 23896 --- [restartedMain] trationDelegate$BeanPostProcessorChecker : Bean 'org.springframework.ws.config.annotation.DelegatingWsConfiguration' of type [org.springframework.ws.config.annotation.DelegatingWsConfiguration$$EnhancerBySpringCGLIB$$d9737a50] is not eligible for getting processed by all BeanPostProcessors (for example: not eligible for auto-proxying)
2020-04-20 10:36:06.482  INFO 23896 --- [restartedMain] .w.s.a.s.AnnotationActionEndpointMapping : Supporting [WS-Addressing August 2004, WS-Addressing 1.0]
2020-04-20 10:36:06.800  INFO 23896 --- [restartedMain] o.s.b.w.embedded.tomcat.TomcatWebServer  : Tomcat initialized with port(s): 8080 (http)
2020-04-20 10:36:06.802  INFO 23896 --- [restartedMain] o.apache.catalina.core.StandardService   : Starting service [Tomcat]
2020-04-20 10:36:06.802  INFO 23896 --- [restartedMain] org.apache.catalina.core.StandardEngine  : Starting Servlet engine: [Apache Tomcat/9.0.33]
2020-04-20 10:36:06.839  INFO 23896 --- [restartedMain] o.a.c.c.C.[Tomcat-1].[localhost].[/]     : Initializing Spring embedded WebApplicationContext
2020-04-20 10:36:06.840  INFO 23896 --- [restartedMain] o.s.web.context.ContextLoader            : Root WebApplicationContext: initialization completed in 1127 ms
2020-04-20 10:36:06.875  INFO 23896 --- [restartedMain] com.zaxxer.hikari.HikariDataSource       : HikariPool-6 - Starting...
2020-04-20 10:36:06.879  INFO 23896 --- [restartedMain] com.zaxxer.hikari.HikariDataSource       : HikariPool-6 - Start completed.
2020-04-20 10:36:06.880  INFO 23896 --- [restartedMain] o.s.b.a.h2.H2ConsoleAutoConfiguration    : H2 console available at '/h2-console'. Database available at 'jdbc:h2:mem:testdb'
2020-04-20 10:36:06.989  INFO 23896 --- [restartedMain] o.hibernate.jpa.internal.util.LogHelper  : HHH000204: Processing PersistenceUnitInfo [name: default]
2020-04-20 10:36:06.999  INFO 23896 --- [restartedMain] org.hibernate.dialect.Dialect            : HHH000400: Using dialect: org.hibernate.dialect.H2Dialect
2020-04-20 10:36:07.062  INFO 23896 --- [restartedMain] o.h.e.t.j.p.i.JtaPlatformInitiator       : HHH000490: Using JtaPlatform implementation: [org.hibernate.engine.transaction.jta.platform.internal.NoJtaPlatform]
2020-04-20 10:36:07.063  INFO 23896 --- [restartedMain] j.LocalContainerEntityManagerFactoryBean : Initialized JPA EntityManagerFactory for persistence unit 'default'
2020-04-20 10:36:07.094  INFO 23896 --- [restartedMain] o.s.b.d.a.OptionalLiveReloadServer       : LiveReload server is running on port 35729
2020-04-20 10:36:07.121  WARN 23896 --- [restartedMain] ConfigServletWebServerApplicationContext : Exception encountered during context initialization - cancelling refresh attempt: org.springframework.beans.factory.UnsatisfiedDependencyException: Error creating bean with name 'pspController': Unsatisfied dependency expressed through field 'ps'; nested exception is org.springframework.beans.factory.BeanCreationException: Error creating bean with name 'pspService' defined in file [D:\workspace-spring-tool-suite-4-4.5.1.RELEASE\apexx-counter-POC\target\classes\apexx\counter\poc\service\PspService.class]: Bean instantiation via constructor failed; nested exception is org.springframework.beans.BeanInstantiationException: Failed to instantiate [apexx.counter.poc.service.PspService]: Constructor threw exception; nested exception is java.lang.Error: Unresolved compilation problems: 
	Illegal modifier for parameter redisTemplate1; only final is permitted
	redisTemplate1 cannot be resolved or is not a field

2020-04-20 10:36:07.121  INFO 23896 --- [restartedMain] j.LocalContainerEntityManagerFactoryBean : Closing JPA EntityManagerFactory for persistence unit 'default'
2020-04-20 10:36:07.322  WARN 23896 --- [restartedMain] o.s.b.f.support.DisposableBeanAdapter    : Invocation of destroy method failed on bean with name 'inMemoryDatabaseShutdownExecutor': org.h2.jdbc.JdbcSQLNonTransientConnectionException: Database is already closed (to disable automatic closing at VM shutdown, add ";DB_CLOSE_ON_EXIT=FALSE" to the db URL) [90121-200]
2020-04-20 10:36:07.323  INFO 23896 --- [restartedMain] com.zaxxer.hikari.HikariDataSource       : HikariPool-6 - Shutdown initiated...
2020-04-20 10:36:07.329  INFO 23896 --- [restartedMain] com.zaxxer.hikari.HikariDataSource       : HikariPool-6 - Shutdown completed.
2020-04-20 10:36:07.331  INFO 23896 --- [restartedMain] o.apache.catalina.core.StandardService   : Stopping service [Tomcat]
2020-04-20 10:36:07.340  INFO 23896 --- [restartedMain] ConditionEvaluationReportLoggingListener : 

Error starting ApplicationContext. To display the conditions report re-run your application with 'debug' enabled.
2020-04-20 10:36:07.342 ERROR 23896 --- [restartedMain] o.s.boot.SpringApplication               : Application run failed

org.springframework.beans.factory.UnsatisfiedDependencyException: Error creating bean with name 'pspController': Unsatisfied dependency expressed through field 'ps'; nested exception is org.springframework.beans.factory.BeanCreationException: Error creating bean with name 'pspService' defined in file [D:\workspace-spring-tool-suite-4-4.5.1.RELEASE\apexx-counter-POC\target\classes\apexx\counter\poc\service\PspService.class]: Bean instantiation via constructor failed; nested exception is org.springframework.beans.BeanInstantiationException: Failed to instantiate [apexx.counter.poc.service.PspService]: Constructor threw exception; nested exception is java.lang.Error: Unresolved compilation problems: 
	Illegal modifier for parameter redisTemplate1; only final is permitted
	redisTemplate1 cannot be resolved or is not a field

	at org.springframework.beans.factory.annotation.AutowiredAnnotationBeanPostProcessor$AutowiredFieldElement.inject(AutowiredAnnotationBeanPostProcessor.java:643) ~[spring-beans-5.2.5.RELEASE.jar:5.2.5.RELEASE]
	at org.springframework.beans.factory.annotation.InjectionMetadata.inject(InjectionMetadata.java:130) ~[spring-beans-5.2.5.RELEASE.jar:5.2.5.RELEASE]
	at org.springframework.beans.factory.annotation.AutowiredAnnotationBeanPostProcessor.postProcessProperties(AutowiredAnnotationBeanPostProcessor.java:399) ~[spring-beans-5.2.5.RELEASE.jar:5.2.5.RELEASE]
	at org.springframework.beans.factory.support.AbstractAutowireCapableBeanFactory.populateBean(AbstractAutowireCapableBeanFactory.java:1422) ~[spring-beans-5.2.5.RELEASE.jar:5.2.5.RELEASE]
	at org.springframework.beans.factory.support.AbstractAutowireCapableBeanFactory.doCreateBean(AbstractAutowireCapableBeanFactory.java:594) ~[spring-beans-5.2.5.RELEASE.jar:5.2.5.RELEASE]
	at org.springframework.beans.factory.support.AbstractAutowireCapableBeanFactory.createBean(AbstractAutowireCapableBeanFactory.java:517) ~[spring-beans-5.2.5.RELEASE.jar:5.2.5.RELEASE]
	at org.springframework.beans.factory.support.AbstractBeanFactory.lambda$doGetBean$0(AbstractBeanFactory.java:323) ~[spring-beans-5.2.5.RELEASE.jar:5.2.5.RELEASE]
	at org.springframework.beans.factory.support.DefaultSingletonBeanRegistry.getSingleton(DefaultSingletonBeanRegistry.java:222) ~[spring-beans-5.2.5.RELEASE.jar:5.2.5.RELEASE]
	at org.springframework.beans.factory.support.AbstractBeanFactory.doGetBean(AbstractBeanFactory.java:321) ~[spring-beans-5.2.5.RELEASE.jar:5.2.5.RELEASE]
	at org.springframework.beans.factory.support.AbstractBeanFactory.getBean(AbstractBeanFactory.java:202) ~[spring-beans-5.2.5.RELEASE.jar:5.2.5.RELEASE]
	at org.springframework.beans.factory.support.DefaultListableBeanFactory.preInstantiateSingletons(DefaultListableBeanFactory.java:882) ~[spring-beans-5.2.5.RELEASE.jar:5.2.5.RELEASE]
	at org.springframework.context.support.AbstractApplicationContext.finishBeanFactoryInitialization(AbstractApplicationContext.java:878) ~[spring-context-5.2.5.RELEASE.jar:5.2.5.RELEASE]
	at org.springframework.context.support.AbstractApplicationContext.refresh(AbstractApplicationContext.java:550) ~[spring-context-5.2.5.RELEASE.jar:5.2.5.RELEASE]
	at org.springframework.boot.web.servlet.context.ServletWebServerApplicationContext.refresh(ServletWebServerApplicationContext.java:141) ~[spring-boot-2.2.6.RELEASE.jar:2.2.6.RELEASE]
	at org.springframework.boot.SpringApplication.refresh(SpringApplication.java:747) [spring-boot-2.2.6.RELEASE.jar:2.2.6.RELEASE]
	at org.springframework.boot.SpringApplication.refreshContext(SpringApplication.java:397) [spring-boot-2.2.6.RELEASE.jar:2.2.6.RELEASE]
	at org.springframework.boot.SpringApplication.run(SpringApplication.java:315) [spring-boot-2.2.6.RELEASE.jar:2.2.6.RELEASE]
	at org.springframework.boot.SpringApplication.run(SpringApplication.java:1226) [spring-boot-2.2.6.RELEASE.jar:2.2.6.RELEASE]
	at org.springframework.boot.SpringApplication.run(SpringApplication.java:1215) [spring-boot-2.2.6.RELEASE.jar:2.2.6.RELEASE]
	at apexx.counter.poc.ApexxCounterPocApplication.main(ApexxCounterPocApplication.java:12) [classes/:na]
	at sun.reflect.NativeMethodAccessorImpl.invoke0(Native Method) ~[na:1.8.0_181]
	at sun.reflect.NativeMethodAccessorImpl.invoke(NativeMethodAccessorImpl.java:62) ~[na:1.8.0_181]
	at sun.reflect.DelegatingMethodAccessorImpl.invoke(DelegatingMethodAccessorImpl.java:43) ~[na:1.8.0_181]
	at java.lang.reflect.Method.invoke(Method.java:498) ~[na:1.8.0_181]
	at org.springframework.boot.devtools.restart.RestartLauncher.run(RestartLauncher.java:49) [spring-boot-devtools-2.2.6.RELEASE.jar:2.2.6.RELEASE]
Caused by: org.springframework.beans.factory.BeanCreationException: Error creating bean with name 'pspService' defined in file [D:\workspace-spring-tool-suite-4-4.5.1.RELEASE\apexx-counter-POC\target\classes\apexx\counter\poc\service\PspService.class]: Bean instantiation via constructor failed; nested exception is org.springframework.beans.BeanInstantiationException: Failed to instantiate [apexx.counter.poc.service.PspService]: Constructor threw exception; nested exception is java.lang.Error: Unresolved compilation problems: 
	Illegal modifier for parameter redisTemplate1; only final is permitted
	redisTemplate1 cannot be resolved or is not a field

	at org.springframework.beans.factory.support.ConstructorResolver.instantiate(ConstructorResolver.java:314) ~[spring-beans-5.2.5.RELEASE.jar:5.2.5.RELEASE]
	at org.springframework.beans.factory.support.ConstructorResolver.autowireConstructor(ConstructorResolver.java:295) ~[spring-beans-5.2.5.RELEASE.jar:5.2.5.RELEASE]
	at org.springframework.beans.factory.support.AbstractAutowireCapableBeanFactory.autowireConstructor(AbstractAutowireCapableBeanFactory.java:1358) ~[spring-beans-5.2.5.RELEASE.jar:5.2.5.RELEASE]
	at org.springframework.beans.factory.support.AbstractAutowireCapableBeanFactory.createBeanInstance(AbstractAutowireCapableBeanFactory.java:1204) ~[spring-beans-5.2.5.RELEASE.jar:5.2.5.RELEASE]
	at org.springframework.beans.factory.support.AbstractAutowireCapableBeanFactory.doCreateBean(AbstractAutowireCapableBeanFactory.java:557) ~[spring-beans-5.2.5.RELEASE.jar:5.2.5.RELEASE]
	at org.springframework.beans.factory.support.AbstractAutowireCapableBeanFactory.createBean(AbstractAutowireCapableBeanFactory.java:517) ~[spring-beans-5.2.5.RELEASE.jar:5.2.5.RELEASE]
	at org.springframework.beans.factory.support.AbstractBeanFactory.lambda$doGetBean$0(AbstractBeanFactory.java:323) ~[spring-beans-5.2.5.RELEASE.jar:5.2.5.RELEASE]
	at org.springframework.beans.factory.support.DefaultSingletonBeanRegistry.getSingleton(DefaultSingletonBeanRegistry.java:222) ~[spring-beans-5.2.5.RELEASE.jar:5.2.5.RELEASE]
	at org.springframework.beans.factory.support.AbstractBeanFactory.doGetBean(AbstractBeanFactory.java:321) ~[spring-beans-5.2.5.RELEASE.jar:5.2.5.RELEASE]
	at org.springframework.beans.factory.support.AbstractBeanFactory.getBean(AbstractBeanFactory.java:202) ~[spring-beans-5.2.5.RELEASE.jar:5.2.5.RELEASE]
	at org.springframework.beans.factory.config.DependencyDescriptor.resolveCandidate(DependencyDescriptor.java:276) ~[spring-beans-5.2.5.RELEASE.jar:5.2.5.RELEASE]
	at org.springframework.beans.factory.support.DefaultListableBeanFactory.doResolveDependency(DefaultListableBeanFactory.java:1290) ~[spring-beans-5.2.5.RELEASE.jar:5.2.5.RELEASE]
	at org.springframework.beans.factory.support.DefaultListableBeanFactory.resolveDependency(DefaultListableBeanFactory.java:1210) ~[spring-beans-5.2.5.RELEASE.jar:5.2.5.RELEASE]
	at org.springframework.beans.factory.annotation.AutowiredAnnotationBeanPostProcessor$AutowiredFieldElement.inject(AutowiredAnnotationBeanPostProcessor.java:640) ~[spring-beans-5.2.5.RELEASE.jar:5.2.5.RELEASE]
	... 24 common frames omitted
Caused by: org.springframework.beans.BeanInstantiationException: Failed to instantiate [apexx.counter.poc.service.PspService]: Constructor threw exception; nested exception is java.lang.Error: Unresolved compilation problems: 
	Illegal modifier for parameter redisTemplate1; only final is permitted
	redisTemplate1 cannot be resolved or is not a field

	at org.springframework.beans.BeanUtils.instantiateClass(BeanUtils.java:217) ~[spring-beans-5.2.5.RELEASE.jar:5.2.5.RELEASE]
	at org.springframework.beans.factory.support.SimpleInstantiationStrategy.instantiate(SimpleInstantiationStrategy.java:117) ~[spring-beans-5.2.5.RELEASE.jar:5.2.5.RELEASE]
	at org.springframework.beans.factory.support.ConstructorResolver.instantiate(ConstructorResolver.java:310) ~[spring-beans-5.2.5.RELEASE.jar:5.2.5.RELEASE]
	... 37 common frames omitted
Caused by: java.lang.Error: Unresolved compilation problems: 
	Illegal modifier for parameter redisTemplate1; only final is permitted
	redisTemplate1 cannot be resolved or is not a field

	at apexx.counter.poc.service.PspService.<init>(PspService.java:33) ~[classes/:na]
	at sun.reflect.NativeConstructorAccessorImpl.newInstance0(Native Method) ~[na:1.8.0_181]
	at sun.reflect.NativeConstructorAccessorImpl.newInstance(NativeConstructorAccessorImpl.java:62) ~[na:1.8.0_181]
	at sun.reflect.DelegatingConstructorAccessorImpl.newInstance(DelegatingConstructorAccessorImpl.java:45) ~[na:1.8.0_181]
	at java.lang.reflect.Constructor.newInstance(Constructor.java:423) ~[na:1.8.0_181]
	at org.springframework.beans.BeanUtils.instantiateClass(BeanUtils.java:204) ~[spring-beans-5.2.5.RELEASE.jar:5.2.5.RELEASE]
	... 39 common frames omitted

2020-04-20 10:36:30.879  INFO 23896 --- [restartedMain] a.c.poc.ApexxCounterPocApplication       : Starting ApexxCounterPocApplication on RIA-IN-L-03 with PID 23896 (D:\workspace-spring-tool-suite-4-4.5.1.RELEASE\apexx-counter-POC\target\classes started by RIA-admin in D:\workspace-spring-tool-suite-4-4.5.1.RELEASE\apexx-counter-POC)
2020-04-20 10:36:30.880  INFO 23896 --- [restartedMain] a.c.poc.ApexxCounterPocApplication       : No active profile set, falling back to default profiles: default
2020-04-20 10:36:31.319  INFO 23896 --- [restartedMain] .s.d.r.c.RepositoryConfigurationDelegate : Multiple Spring Data modules found, entering strict repository configuration mode!
2020-04-20 10:36:31.320  INFO 23896 --- [restartedMain] .s.d.r.c.RepositoryConfigurationDelegate : Bootstrapping Spring Data JPA repositories in DEFAULT mode.
2020-04-20 10:36:31.331  INFO 23896 --- [restartedMain] .s.d.r.c.RepositoryConfigurationDelegate : Finished Spring Data repository scanning in 11ms. Found 1 JPA repository interfaces.
2020-04-20 10:36:31.336  INFO 23896 --- [restartedMain] .s.d.r.c.RepositoryConfigurationDelegate : Multiple Spring Data modules found, entering strict repository configuration mode!
2020-04-20 10:36:31.337  INFO 23896 --- [restartedMain] .s.d.r.c.RepositoryConfigurationDelegate : Bootstrapping Spring Data Redis repositories in DEFAULT mode.
2020-04-20 10:36:31.340  INFO 23896 --- [restartedMain] .RepositoryConfigurationExtensionSupport : Spring Data Redis - Could not safely identify store assignment for repository candidate interface apexx.counter.poc.repo.PspRepoInterface. If you want this repository to be a Redis repository, consider annotating your entities with one of these annotations: org.springframework.data.redis.core.RedisHash (preferred), or consider extending one of the following types with your repository: org.springframework.data.keyvalue.repository.KeyValueRepository.
2020-04-20 10:36:31.340  INFO 23896 --- [restartedMain] .s.d.r.c.RepositoryConfigurationDelegate : Finished Spring Data repository scanning in 3ms. Found 0 Redis repository interfaces.
2020-04-20 10:36:31.467  INFO 23896 --- [restartedMain] trationDelegate$BeanPostProcessorChecker : Bean 'org.springframework.ws.config.annotation.DelegatingWsConfiguration' of type [org.springframework.ws.config.annotation.DelegatingWsConfiguration$$EnhancerBySpringCGLIB$$d9737a50] is not eligible for getting processed by all BeanPostProcessors (for example: not eligible for auto-proxying)
2020-04-20 10:36:31.469  INFO 23896 --- [restartedMain] .w.s.a.s.AnnotationActionEndpointMapping : Supporting [WS-Addressing August 2004, WS-Addressing 1.0]
2020-04-20 10:36:31.760  INFO 23896 --- [restartedMain] o.s.b.w.embedded.tomcat.TomcatWebServer  : Tomcat initialized with port(s): 8080 (http)
2020-04-20 10:36:31.761  INFO 23896 --- [restartedMain] o.apache.catalina.core.StandardService   : Starting service [Tomcat]
2020-04-20 10:36:31.762  INFO 23896 --- [restartedMain] org.apache.catalina.core.StandardEngine  : Starting Servlet engine: [Apache Tomcat/9.0.33]
2020-04-20 10:36:31.798  INFO 23896 --- [restartedMain] o.a.c.c.C.[Tomcat-2].[localhost].[/]     : Initializing Spring embedded WebApplicationContext
2020-04-20 10:36:31.798  INFO 23896 --- [restartedMain] o.s.web.context.ContextLoader            : Root WebApplicationContext: initialization completed in 914 ms
2020-04-20 10:36:31.832  INFO 23896 --- [restartedMain] com.zaxxer.hikari.HikariDataSource       : HikariPool-7 - Starting...
2020-04-20 10:36:31.836  INFO 23896 --- [restartedMain] com.zaxxer.hikari.HikariDataSource       : HikariPool-7 - Start completed.
2020-04-20 10:36:31.837  INFO 23896 --- [restartedMain] o.s.b.a.h2.H2ConsoleAutoConfiguration    : H2 console available at '/h2-console'. Database available at 'jdbc:h2:mem:testdb'
2020-04-20 10:36:31.925  INFO 23896 --- [restartedMain] o.hibernate.jpa.internal.util.LogHelper  : HHH000204: Processing PersistenceUnitInfo [name: default]
2020-04-20 10:36:31.932  INFO 23896 --- [restartedMain] org.hibernate.dialect.Dialect            : HHH000400: Using dialect: org.hibernate.dialect.H2Dialect
2020-04-20 10:36:31.990  INFO 23896 --- [restartedMain] o.h.e.t.j.p.i.JtaPlatformInitiator       : HHH000490: Using JtaPlatform implementation: [org.hibernate.engine.transaction.jta.platform.internal.NoJtaPlatform]
2020-04-20 10:36:31.990  INFO 23896 --- [restartedMain] j.LocalContainerEntityManagerFactoryBean : Initialized JPA EntityManagerFactory for persistence unit 'default'
2020-04-20 10:36:32.021  INFO 23896 --- [restartedMain] o.s.b.d.a.OptionalLiveReloadServer       : LiveReload server is running on port 35729
2020-04-20 10:36:32.319  WARN 23896 --- [restartedMain] JpaBaseConfiguration$JpaWebConfiguration : spring.jpa.open-in-view is enabled by default. Therefore, database queries may be performed during view rendering. Explicitly configure spring.jpa.open-in-view to disable this warning
2020-04-20 10:36:32.376  INFO 23896 --- [restartedMain] o.s.s.concurrent.ThreadPoolTaskExecutor  : Initializing ExecutorService 'applicationTaskExecutor'
2020-04-20 10:36:32.667  INFO 23896 --- [restartedMain] o.s.b.w.embedded.tomcat.TomcatWebServer  : Tomcat started on port(s): 8080 (http) with context path ''
2020-04-20 10:36:32.669  INFO 23896 --- [restartedMain] a.c.poc.ApexxCounterPocApplication       : Started ApexxCounterPocApplication in 1.834 seconds (JVM running for 231.375)
2020-04-20 10:36:32.672  INFO 23896 --- [restartedMain] .ConditionEvaluationDeltaLoggingListener : Condition evaluation unchanged
2020-04-20 10:36:35.363  INFO 23896 --- [http-nio-8080-exec-2] o.a.c.c.C.[Tomcat-2].[localhost].[/]     : Initializing Spring DispatcherServlet 'dispatcherServlet'
2020-04-20 10:36:35.364  INFO 23896 --- [http-nio-8080-exec-2] o.s.web.servlet.DispatcherServlet        : Initializing Servlet 'dispatcherServlet'
2020-04-20 10:36:35.370  INFO 23896 --- [http-nio-8080-exec-2] o.s.web.servlet.DispatcherServlet        : Completed initialization in 5 ms
2020-04-20 10:36:35.373  INFO 23896 --- [http-nio-8080-exec-2] a.counter.poc.controller.PspController   : PspController|authorisation
2020-04-20 10:36:35.373  INFO 23896 --- [http-nio-8080-exec-2] a.counter.poc.service.PspCounterService  : PspController|authorisation|PspCounterService|processAuthorisation
2020-04-20 10:36:35.373  INFO 23896 --- [http-nio-8080-exec-2] a.counter.poc.service.PspCounterService  : counter 0
2020-04-20 10:36:35.386  INFO 23896 --- [http-nio-8080-exec-2] a.counter.poc.service.PspCounterService  : PSP redis list {psp33={"pspName":"psp33","reqCount":0}, psp11={"pspName":"psp11","reqCount":1}, psp44={"pspName":"psp44","reqCount":0}, psp22={"pspName":"psp22","reqCount":0}}
2020-04-20 10:36:35.390  INFO 23896 --- [http-nio-8080-exec-2] a.counter.poc.service.PspCounterService  : PSP redis list {psp22={"pspName":"psp22","reqCount":0}, psp33={"pspName":"psp33","reqCount":0}, psp11={"pspName":"psp11","reqCount":1}, psp44={"pspName":"psp44","reqCount":0}}
2020-04-20 10:36:35.393  INFO 23896 --- [http-nio-8080-exec-2] a.counter.poc.service.PspCounterService  : Current PSP is psp11
2020-04-20 10:36:37.385  INFO 23896 --- [http-nio-8080-exec-1] a.counter.poc.controller.PspController   : PspController|authorisation
2020-04-20 10:36:37.385  INFO 23896 --- [http-nio-8080-exec-1] a.counter.poc.service.PspCounterService  : PspController|authorisation|PspCounterService|processAuthorisation
2020-04-20 10:36:37.385  INFO 23896 --- [http-nio-8080-exec-1] a.counter.poc.service.PspCounterService  : counter 0
2020-04-20 10:36:37.388  INFO 23896 --- [http-nio-8080-exec-1] a.counter.poc.service.PspCounterService  : PSP redis list {psp33={"pspName":"psp33","reqCount":0}, psp44={"pspName":"psp44","reqCount":0}, psp11={"pspName":"psp11","reqCount":2}, psp22={"pspName":"psp22","reqCount":0}}
2020-04-20 10:36:37.390  INFO 23896 --- [http-nio-8080-exec-1] a.counter.poc.service.PspCounterService  : PSP redis list {psp44={"pspName":"psp44","reqCount":0}, psp22={"pspName":"psp22","reqCount":0}, psp11={"pspName":"psp11","reqCount":2}, psp33={"pspName":"psp33","reqCount":0}}
2020-04-20 10:36:37.391  INFO 23896 --- [http-nio-8080-exec-1] a.counter.poc.service.PspCounterService  : Current PSP is psp11
2020-04-20 10:37:16.126  INFO 23896 --- [RMI TCP Connection(2)-127.0.0.1] inMXBeanRegistrar$SpringApplicationAdmin : Application shutdown requested.
2020-04-20 10:37:16.138  INFO 23896 --- [RMI TCP Connection(2)-127.0.0.1] o.s.s.concurrent.ThreadPoolTaskExecutor  : Shutting down ExecutorService 'applicationTaskExecutor'
2020-04-20 10:37:16.139  INFO 23896 --- [RMI TCP Connection(2)-127.0.0.1] j.LocalContainerEntityManagerFactoryBean : Closing JPA EntityManagerFactory for persistence unit 'default'
2020-04-20 10:37:16.341  WARN 23896 --- [RMI TCP Connection(2)-127.0.0.1] o.s.b.f.support.DisposableBeanAdapter    : Invocation of destroy method failed on bean with name 'inMemoryDatabaseShutdownExecutor': org.h2.jdbc.JdbcSQLNonTransientConnectionException: Database is already closed (to disable automatic closing at VM shutdown, add ";DB_CLOSE_ON_EXIT=FALSE" to the db URL) [90121-200]
2020-04-20 10:37:16.345  INFO 23896 --- [RMI TCP Connection(2)-127.0.0.1] com.zaxxer.hikari.HikariDataSource       : HikariPool-7 - Shutdown initiated...
2020-04-20 10:37:16.347  INFO 23896 --- [RMI TCP Connection(2)-127.0.0.1] com.zaxxer.hikari.HikariDataSource       : HikariPool-7 - Shutdown completed.
